<?xml version="1.0" encoding="UTF-8"?>
<testng-results ignored="0" total="2" passed="2" failed="0" skipped="0">
  <reporter-output>
  </reporter-output>
  <suite started-at="2023-03-30T19:51:30 IST" name="Default suite" finished-at="2023-03-30T19:51:30 IST" duration-ms="52">
    <groups>
    </groups>
    <test started-at="2023-03-30T19:51:30 IST" name="Default test" finished-at="2023-03-30T19:51:30 IST" duration-ms="52">
      <class name="TestNG.AddTest">
        <test-method is-config="true" signature="setUp()[pri:0, instance:TestNG.AddTest@48fa0f47]" started-at="2023-03-30T19:51:30 IST" name="setUp" finished-at="2023-03-30T19:51:30 IST" duration-ms="4" status="PASS">
          <reporter-output>
          </reporter-output>
        </test-method> <!-- setUp -->
        <test-method signature="CaseAddition1()[pri:0, instance:TestNG.AddTest@48fa0f47]" started-at="2023-03-30T19:51:30 IST" name="CaseAddition1" finished-at="2023-03-30T19:51:30 IST" duration-ms="7" status="PASS">
          <reporter-output>
          </reporter-output>
        </test-method> <!-- CaseAddition1 -->
        <test-method is-config="true" signature="tearDown()[pri:0, instance:TestNG.AddTest@48fa0f47]" started-at="2023-03-30T19:51:30 IST" name="tearDown" finished-at="2023-03-30T19:51:30 IST" duration-ms="1" status="PASS">
          <reporter-output>
          </reporter-output>
        </test-method> <!-- tearDown -->
        <test-method is-config="true" signature="setUp()[pri:0, instance:TestNG.AddTest@48fa0f47]" started-at="2023-03-30T19:51:30 IST" name="setUp" finished-at="2023-03-30T19:51:30 IST" duration-ms="1" status="PASS">
          <reporter-output>
          </reporter-output>
        </test-method> <!-- setUp -->
        <test-method signature="CaseAddition2()[pri:0, instance:TestNG.AddTest@48fa0f47]" started-at="2023-03-30T19:51:30 IST" name="CaseAddition2" finished-at="2023-03-30T19:51:30 IST" duration-ms="3" status="PASS">
          <reporter-output>
          </reporter-output>
        </test-method> <!-- CaseAddition2 -->
        <test-method is-config="true" signature="tearDown()[pri:0, instance:TestNG.AddTest@48fa0f47]" started-at="2023-03-30T19:51:30 IST" name="tearDown" finished-at="2023-03-30T19:51:30 IST" duration-ms="1" status="PASS">
          <reporter-output>
          </reporter-output>
        </test-method> <!-- tearDown -->
      </class> <!-- TestNG.AddTest -->
    </test> <!-- Default test -->
  </suite> <!-- Default suite -->
</testng-results>
